[3.711s] DEBUG:colcon:Command line arguments: ['/usr/bin/colcon', 'list', '-p', '--base-paths', '/home/robin/hka_projects/FE2_AGV_Manipulator/ROS-Packages/sew_maxo_mts_and_igus_rebel']
[3.711s] DEBUG:colcon:Parsed command line arguments: Namespace(log_base=None, log_level=None, verb_name='list', build_base='build', ignore_user_meta=False, metas=['./colcon.meta'], base_paths=['/home/robin/hka_projects/FE2_AGV_Manipulator/ROS-Packages/sew_maxo_mts_and_igus_rebel'], packages_ignore=None, packages_ignore_regex=None, paths=None, packages_up_to=None, packages_up_to_regex=None, packages_above=None, packages_above_and_dependencies=None, packages_above_depth=None, packages_select_by_dep=None, packages_skip_by_dep=None, packages_skip_up_to=None, packages_select_build_failed=False, packages_skip_build_finished=False, packages_select_test_failures=False, packages_skip_test_passed=False, packages_select=None, packages_skip=None, packages_select_regex=None, packages_skip_regex=None, packages_start=None, packages_end=None, allow_overriding=[], topological_order=False, names_only=False, paths_only=True, topological_graph=False, topological_graph_dot=False, topological_graph_density=False, topological_graph_legend=False, topological_graph_dot_cluster=False, topological_graph_dot_include_skipped=False, verb_parser=<colcon_defaults.argument_parser.defaults.DefaultArgumentsDecorator object at 0x7d8236a1efb0>, verb_extension=<colcon_package_information.verb.list.ListVerb object at 0x7d8236b83430>, main=<bound method ListVerb.main of <colcon_package_information.verb.list.ListVerb object at 0x7d8236b83430>>)
[3.801s] Level 1:colcon.colcon_core.package_discovery:discover_packages(colcon_meta) check parameters
[3.802s] Level 1:colcon.colcon_core.package_discovery:discover_packages(recursive) check parameters
[3.802s] Level 1:colcon.colcon_core.package_discovery:discover_packages(ignore) check parameters
[3.802s] Level 1:colcon.colcon_core.package_discovery:discover_packages(path) check parameters
[3.802s] Level 1:colcon.colcon_core.package_discovery:discover_packages(recursive) discover
[3.802s] INFO:colcon.colcon_core.package_discovery:Crawling recursively for packages in '/home/robin/hka_projects/FE2_AGV_Manipulator/ROS-Packages/sew_maxo_mts_and_igus_rebel'
[3.802s] Level 1:colcon.colcon_core.package_identification:_identify(/home/robin/hka_projects/FE2_AGV_Manipulator/ROS-Packages/sew_maxo_mts_and_igus_rebel) by extensions ['ignore', 'ignore_ament_install']
[3.803s] Level 1:colcon.colcon_core.package_identification:_identify(/home/robin/hka_projects/FE2_AGV_Manipulator/ROS-Packages/sew_maxo_mts_and_igus_rebel) by extension 'ignore'
[3.803s] Level 1:colcon.colcon_core.package_identification:_identify(/home/robin/hka_projects/FE2_AGV_Manipulator/ROS-Packages/sew_maxo_mts_and_igus_rebel) by extension 'ignore_ament_install'
[3.803s] Level 1:colcon.colcon_core.package_identification:_identify(/home/robin/hka_projects/FE2_AGV_Manipulator/ROS-Packages/sew_maxo_mts_and_igus_rebel) by extensions ['colcon_pkg']
[3.803s] Level 1:colcon.colcon_core.package_identification:_identify(/home/robin/hka_projects/FE2_AGV_Manipulator/ROS-Packages/sew_maxo_mts_and_igus_rebel) by extension 'colcon_pkg'
[3.803s] Level 1:colcon.colcon_core.package_identification:_identify(/home/robin/hka_projects/FE2_AGV_Manipulator/ROS-Packages/sew_maxo_mts_and_igus_rebel) by extensions ['colcon_meta']
[3.803s] Level 1:colcon.colcon_core.package_identification:_identify(/home/robin/hka_projects/FE2_AGV_Manipulator/ROS-Packages/sew_maxo_mts_and_igus_rebel) by extension 'colcon_meta'
[3.803s] Level 1:colcon.colcon_core.package_identification:_identify(/home/robin/hka_projects/FE2_AGV_Manipulator/ROS-Packages/sew_maxo_mts_and_igus_rebel) by extensions ['ros']
[3.803s] Level 1:colcon.colcon_core.package_identification:_identify(/home/robin/hka_projects/FE2_AGV_Manipulator/ROS-Packages/sew_maxo_mts_and_igus_rebel) by extension 'ros'
[3.831s] Level 1:colcon.colcon_core.package_identification:_identify(/home/robin/hka_projects/FE2_AGV_Manipulator/ROS-Packages/sew_maxo_mts_and_igus_rebel) by extensions ['cmake', 'python']
[3.831s] Level 1:colcon.colcon_core.package_identification:_identify(/home/robin/hka_projects/FE2_AGV_Manipulator/ROS-Packages/sew_maxo_mts_and_igus_rebel) by extension 'cmake'
[3.831s] Level 1:colcon.colcon_core.package_identification:_identify(/home/robin/hka_projects/FE2_AGV_Manipulator/ROS-Packages/sew_maxo_mts_and_igus_rebel) by extension 'python'
[3.831s] Level 1:colcon.colcon_core.package_identification:_identify(/home/robin/hka_projects/FE2_AGV_Manipulator/ROS-Packages/sew_maxo_mts_and_igus_rebel) by extensions ['python_setup_py']
[3.831s] Level 1:colcon.colcon_core.package_identification:_identify(/home/robin/hka_projects/FE2_AGV_Manipulator/ROS-Packages/sew_maxo_mts_and_igus_rebel) by extension 'python_setup_py'
[3.832s] Level 1:colcon.colcon_core.package_identification:_identify(/home/robin/hka_projects/FE2_AGV_Manipulator/ROS-Packages/sew_maxo_mts_and_igus_rebel/log) by extensions ['ignore', 'ignore_ament_install']
[3.833s] Level 1:colcon.colcon_core.package_identification:_identify(/home/robin/hka_projects/FE2_AGV_Manipulator/ROS-Packages/sew_maxo_mts_and_igus_rebel/log) by extension 'ignore'
[3.833s] Level 1:colcon.colcon_core.package_identification:_identify(/home/robin/hka_projects/FE2_AGV_Manipulator/ROS-Packages/sew_maxo_mts_and_igus_rebel/log) ignored
[3.834s] Level 1:colcon.colcon_core.package_identification:_identify(/home/robin/hka_projects/FE2_AGV_Manipulator/ROS-Packages/sew_maxo_mts_and_igus_rebel/src) by extensions ['ignore', 'ignore_ament_install']
[3.834s] Level 1:colcon.colcon_core.package_identification:_identify(/home/robin/hka_projects/FE2_AGV_Manipulator/ROS-Packages/sew_maxo_mts_and_igus_rebel/src) by extension 'ignore'
[3.834s] Level 1:colcon.colcon_core.package_identification:_identify(/home/robin/hka_projects/FE2_AGV_Manipulator/ROS-Packages/sew_maxo_mts_and_igus_rebel/src) by extension 'ignore_ament_install'
[3.835s] Level 1:colcon.colcon_core.package_identification:_identify(/home/robin/hka_projects/FE2_AGV_Manipulator/ROS-Packages/sew_maxo_mts_and_igus_rebel/src) by extensions ['colcon_pkg']
[3.835s] Level 1:colcon.colcon_core.package_identification:_identify(/home/robin/hka_projects/FE2_AGV_Manipulator/ROS-Packages/sew_maxo_mts_and_igus_rebel/src) by extension 'colcon_pkg'
[3.835s] Level 1:colcon.colcon_core.package_identification:_identify(/home/robin/hka_projects/FE2_AGV_Manipulator/ROS-Packages/sew_maxo_mts_and_igus_rebel/src) by extensions ['colcon_meta']
[3.835s] Level 1:colcon.colcon_core.package_identification:_identify(/home/robin/hka_projects/FE2_AGV_Manipulator/ROS-Packages/sew_maxo_mts_and_igus_rebel/src) by extension 'colcon_meta'
[3.835s] Level 1:colcon.colcon_core.package_identification:_identify(/home/robin/hka_projects/FE2_AGV_Manipulator/ROS-Packages/sew_maxo_mts_and_igus_rebel/src) by extensions ['ros']
[3.835s] Level 1:colcon.colcon_core.package_identification:_identify(/home/robin/hka_projects/FE2_AGV_Manipulator/ROS-Packages/sew_maxo_mts_and_igus_rebel/src) by extension 'ros'
[3.835s] Level 1:colcon.colcon_core.package_identification:_identify(/home/robin/hka_projects/FE2_AGV_Manipulator/ROS-Packages/sew_maxo_mts_and_igus_rebel/src) by extensions ['cmake', 'python']
[3.835s] Level 1:colcon.colcon_core.package_identification:_identify(/home/robin/hka_projects/FE2_AGV_Manipulator/ROS-Packages/sew_maxo_mts_and_igus_rebel/src) by extension 'cmake'
[3.836s] Level 1:colcon.colcon_core.package_identification:_identify(/home/robin/hka_projects/FE2_AGV_Manipulator/ROS-Packages/sew_maxo_mts_and_igus_rebel/src) by extension 'python'
[3.836s] Level 1:colcon.colcon_core.package_identification:_identify(/home/robin/hka_projects/FE2_AGV_Manipulator/ROS-Packages/sew_maxo_mts_and_igus_rebel/src) by extensions ['python_setup_py']
[3.836s] Level 1:colcon.colcon_core.package_identification:_identify(/home/robin/hka_projects/FE2_AGV_Manipulator/ROS-Packages/sew_maxo_mts_and_igus_rebel/src) by extension 'python_setup_py'
[3.836s] Level 1:colcon.colcon_core.package_identification:_identify(/home/robin/hka_projects/FE2_AGV_Manipulator/ROS-Packages/sew_maxo_mts_and_igus_rebel/src/gazebo_testenviroment) by extensions ['ignore', 'ignore_ament_install']
[3.837s] Level 1:colcon.colcon_core.package_identification:_identify(/home/robin/hka_projects/FE2_AGV_Manipulator/ROS-Packages/sew_maxo_mts_and_igus_rebel/src/gazebo_testenviroment) by extension 'ignore'
[3.837s] Level 1:colcon.colcon_core.package_identification:_identify(/home/robin/hka_projects/FE2_AGV_Manipulator/ROS-Packages/sew_maxo_mts_and_igus_rebel/src/gazebo_testenviroment) by extension 'ignore_ament_install'
[3.837s] Level 1:colcon.colcon_core.package_identification:_identify(/home/robin/hka_projects/FE2_AGV_Manipulator/ROS-Packages/sew_maxo_mts_and_igus_rebel/src/gazebo_testenviroment) by extensions ['colcon_pkg']
[3.837s] Level 1:colcon.colcon_core.package_identification:_identify(/home/robin/hka_projects/FE2_AGV_Manipulator/ROS-Packages/sew_maxo_mts_and_igus_rebel/src/gazebo_testenviroment) by extension 'colcon_pkg'
[3.837s] Level 1:colcon.colcon_core.package_identification:_identify(/home/robin/hka_projects/FE2_AGV_Manipulator/ROS-Packages/sew_maxo_mts_and_igus_rebel/src/gazebo_testenviroment) by extensions ['colcon_meta']
[3.837s] Level 1:colcon.colcon_core.package_identification:_identify(/home/robin/hka_projects/FE2_AGV_Manipulator/ROS-Packages/sew_maxo_mts_and_igus_rebel/src/gazebo_testenviroment) by extension 'colcon_meta'
[3.838s] Level 1:colcon.colcon_core.package_identification:_identify(/home/robin/hka_projects/FE2_AGV_Manipulator/ROS-Packages/sew_maxo_mts_and_igus_rebel/src/gazebo_testenviroment) by extensions ['ros']
[3.838s] Level 1:colcon.colcon_core.package_identification:_identify(/home/robin/hka_projects/FE2_AGV_Manipulator/ROS-Packages/sew_maxo_mts_and_igus_rebel/src/gazebo_testenviroment) by extension 'ros'
[3.845s] DEBUG:colcon.colcon_core.package_identification:Package '/home/robin/hka_projects/FE2_AGV_Manipulator/ROS-Packages/sew_maxo_mts_and_igus_rebel/src/gazebo_testenviroment' with type 'ros.ament_cmake' and name 'gazebo_testenviroment'
[3.846s] Level 1:colcon.colcon_core.package_identification:_identify(/home/robin/hka_projects/FE2_AGV_Manipulator/ROS-Packages/sew_maxo_mts_and_igus_rebel/src/irc_ros_controllers) by extensions ['ignore', 'ignore_ament_install']
[3.846s] Level 1:colcon.colcon_core.package_identification:_identify(/home/robin/hka_projects/FE2_AGV_Manipulator/ROS-Packages/sew_maxo_mts_and_igus_rebel/src/irc_ros_controllers) by extension 'ignore'
[3.846s] Level 1:colcon.colcon_core.package_identification:_identify(/home/robin/hka_projects/FE2_AGV_Manipulator/ROS-Packages/sew_maxo_mts_and_igus_rebel/src/irc_ros_controllers) by extension 'ignore_ament_install'
[3.847s] Level 1:colcon.colcon_core.package_identification:_identify(/home/robin/hka_projects/FE2_AGV_Manipulator/ROS-Packages/sew_maxo_mts_and_igus_rebel/src/irc_ros_controllers) by extensions ['colcon_pkg']
[3.847s] Level 1:colcon.colcon_core.package_identification:_identify(/home/robin/hka_projects/FE2_AGV_Manipulator/ROS-Packages/sew_maxo_mts_and_igus_rebel/src/irc_ros_controllers) by extension 'colcon_pkg'
[3.847s] Level 1:colcon.colcon_core.package_identification:_identify(/home/robin/hka_projects/FE2_AGV_Manipulator/ROS-Packages/sew_maxo_mts_and_igus_rebel/src/irc_ros_controllers) by extensions ['colcon_meta']
[3.847s] Level 1:colcon.colcon_core.package_identification:_identify(/home/robin/hka_projects/FE2_AGV_Manipulator/ROS-Packages/sew_maxo_mts_and_igus_rebel/src/irc_ros_controllers) by extension 'colcon_meta'
[3.847s] Level 1:colcon.colcon_core.package_identification:_identify(/home/robin/hka_projects/FE2_AGV_Manipulator/ROS-Packages/sew_maxo_mts_and_igus_rebel/src/irc_ros_controllers) by extensions ['ros']
[3.847s] Level 1:colcon.colcon_core.package_identification:_identify(/home/robin/hka_projects/FE2_AGV_Manipulator/ROS-Packages/sew_maxo_mts_and_igus_rebel/src/irc_ros_controllers) by extension 'ros'
[3.850s] DEBUG:colcon.colcon_core.package_identification:Package '/home/robin/hka_projects/FE2_AGV_Manipulator/ROS-Packages/sew_maxo_mts_and_igus_rebel/src/irc_ros_controllers' with type 'ros.ament_cmake' and name 'irc_ros_controllers'
[3.851s] Level 1:colcon.colcon_core.package_identification:_identify(/home/robin/hka_projects/FE2_AGV_Manipulator/ROS-Packages/sew_maxo_mts_and_igus_rebel/src/irc_ros_dashboard) by extensions ['ignore', 'ignore_ament_install']
[3.851s] Level 1:colcon.colcon_core.package_identification:_identify(/home/robin/hka_projects/FE2_AGV_Manipulator/ROS-Packages/sew_maxo_mts_and_igus_rebel/src/irc_ros_dashboard) by extension 'ignore'
[3.851s] Level 1:colcon.colcon_core.package_identification:_identify(/home/robin/hka_projects/FE2_AGV_Manipulator/ROS-Packages/sew_maxo_mts_and_igus_rebel/src/irc_ros_dashboard) by extension 'ignore_ament_install'
[3.852s] Level 1:colcon.colcon_core.package_identification:_identify(/home/robin/hka_projects/FE2_AGV_Manipulator/ROS-Packages/sew_maxo_mts_and_igus_rebel/src/irc_ros_dashboard) by extensions ['colcon_pkg']
[3.852s] Level 1:colcon.colcon_core.package_identification:_identify(/home/robin/hka_projects/FE2_AGV_Manipulator/ROS-Packages/sew_maxo_mts_and_igus_rebel/src/irc_ros_dashboard) by extension 'colcon_pkg'
[3.852s] Level 1:colcon.colcon_core.package_identification:_identify(/home/robin/hka_projects/FE2_AGV_Manipulator/ROS-Packages/sew_maxo_mts_and_igus_rebel/src/irc_ros_dashboard) by extensions ['colcon_meta']
[3.852s] Level 1:colcon.colcon_core.package_identification:_identify(/home/robin/hka_projects/FE2_AGV_Manipulator/ROS-Packages/sew_maxo_mts_and_igus_rebel/src/irc_ros_dashboard) by extension 'colcon_meta'
[3.852s] Level 1:colcon.colcon_core.package_identification:_identify(/home/robin/hka_projects/FE2_AGV_Manipulator/ROS-Packages/sew_maxo_mts_and_igus_rebel/src/irc_ros_dashboard) by extensions ['ros']
[3.852s] Level 1:colcon.colcon_core.package_identification:_identify(/home/robin/hka_projects/FE2_AGV_Manipulator/ROS-Packages/sew_maxo_mts_and_igus_rebel/src/irc_ros_dashboard) by extension 'ros'
[3.854s] DEBUG:colcon.colcon_core.package_identification:Package '/home/robin/hka_projects/FE2_AGV_Manipulator/ROS-Packages/sew_maxo_mts_and_igus_rebel/src/irc_ros_dashboard' with type 'ros.ament_python' and name 'irc_ros_dashboard'
[3.855s] Level 1:colcon.colcon_core.package_identification:_identify(/home/robin/hka_projects/FE2_AGV_Manipulator/ROS-Packages/sew_maxo_mts_and_igus_rebel/src/irc_ros_hardware) by extensions ['ignore', 'ignore_ament_install']
[3.855s] Level 1:colcon.colcon_core.package_identification:_identify(/home/robin/hka_projects/FE2_AGV_Manipulator/ROS-Packages/sew_maxo_mts_and_igus_rebel/src/irc_ros_hardware) by extension 'ignore'
[3.855s] Level 1:colcon.colcon_core.package_identification:_identify(/home/robin/hka_projects/FE2_AGV_Manipulator/ROS-Packages/sew_maxo_mts_and_igus_rebel/src/irc_ros_hardware) by extension 'ignore_ament_install'
[3.855s] Level 1:colcon.colcon_core.package_identification:_identify(/home/robin/hka_projects/FE2_AGV_Manipulator/ROS-Packages/sew_maxo_mts_and_igus_rebel/src/irc_ros_hardware) by extensions ['colcon_pkg']
[3.855s] Level 1:colcon.colcon_core.package_identification:_identify(/home/robin/hka_projects/FE2_AGV_Manipulator/ROS-Packages/sew_maxo_mts_and_igus_rebel/src/irc_ros_hardware) by extension 'colcon_pkg'
[3.856s] Level 1:colcon.colcon_core.package_identification:_identify(/home/robin/hka_projects/FE2_AGV_Manipulator/ROS-Packages/sew_maxo_mts_and_igus_rebel/src/irc_ros_hardware) by extensions ['colcon_meta']
[3.856s] Level 1:colcon.colcon_core.package_identification:_identify(/home/robin/hka_projects/FE2_AGV_Manipulator/ROS-Packages/sew_maxo_mts_and_igus_rebel/src/irc_ros_hardware) by extension 'colcon_meta'
[3.856s] Level 1:colcon.colcon_core.package_identification:_identify(/home/robin/hka_projects/FE2_AGV_Manipulator/ROS-Packages/sew_maxo_mts_and_igus_rebel/src/irc_ros_hardware) by extensions ['ros']
[3.856s] Level 1:colcon.colcon_core.package_identification:_identify(/home/robin/hka_projects/FE2_AGV_Manipulator/ROS-Packages/sew_maxo_mts_and_igus_rebel/src/irc_ros_hardware) by extension 'ros'
[3.860s] DEBUG:colcon.colcon_core.package_identification:Package '/home/robin/hka_projects/FE2_AGV_Manipulator/ROS-Packages/sew_maxo_mts_and_igus_rebel/src/irc_ros_hardware' with type 'ros.ament_cmake' and name 'irc_ros_hardware'
[3.860s] Level 1:colcon.colcon_core.package_identification:_identify(/home/robin/hka_projects/FE2_AGV_Manipulator/ROS-Packages/sew_maxo_mts_and_igus_rebel/src/irc_ros_moveit_config) by extensions ['ignore', 'ignore_ament_install']
[3.861s] Level 1:colcon.colcon_core.package_identification:_identify(/home/robin/hka_projects/FE2_AGV_Manipulator/ROS-Packages/sew_maxo_mts_and_igus_rebel/src/irc_ros_moveit_config) by extension 'ignore'
[3.861s] Level 1:colcon.colcon_core.package_identification:_identify(/home/robin/hka_projects/FE2_AGV_Manipulator/ROS-Packages/sew_maxo_mts_and_igus_rebel/src/irc_ros_moveit_config) by extension 'ignore_ament_install'
[3.861s] Level 1:colcon.colcon_core.package_identification:_identify(/home/robin/hka_projects/FE2_AGV_Manipulator/ROS-Packages/sew_maxo_mts_and_igus_rebel/src/irc_ros_moveit_config) by extensions ['colcon_pkg']
[3.861s] Level 1:colcon.colcon_core.package_identification:_identify(/home/robin/hka_projects/FE2_AGV_Manipulator/ROS-Packages/sew_maxo_mts_and_igus_rebel/src/irc_ros_moveit_config) by extension 'colcon_pkg'
[3.861s] Level 1:colcon.colcon_core.package_identification:_identify(/home/robin/hka_projects/FE2_AGV_Manipulator/ROS-Packages/sew_maxo_mts_and_igus_rebel/src/irc_ros_moveit_config) by extensions ['colcon_meta']
[3.861s] Level 1:colcon.colcon_core.package_identification:_identify(/home/robin/hka_projects/FE2_AGV_Manipulator/ROS-Packages/sew_maxo_mts_and_igus_rebel/src/irc_ros_moveit_config) by extension 'colcon_meta'
[3.862s] Level 1:colcon.colcon_core.package_identification:_identify(/home/robin/hka_projects/FE2_AGV_Manipulator/ROS-Packages/sew_maxo_mts_and_igus_rebel/src/irc_ros_moveit_config) by extensions ['ros']
[3.862s] Level 1:colcon.colcon_core.package_identification:_identify(/home/robin/hka_projects/FE2_AGV_Manipulator/ROS-Packages/sew_maxo_mts_and_igus_rebel/src/irc_ros_moveit_config) by extension 'ros'
[3.864s] DEBUG:colcon.colcon_core.package_identification:Package '/home/robin/hka_projects/FE2_AGV_Manipulator/ROS-Packages/sew_maxo_mts_and_igus_rebel/src/irc_ros_moveit_config' with type 'ros.ament_cmake' and name 'irc_ros_moveit_config'
[3.865s] Level 1:colcon.colcon_core.package_identification:_identify(/home/robin/hka_projects/FE2_AGV_Manipulator/ROS-Packages/sew_maxo_mts_and_igus_rebel/src/irc_ros_msgs) by extensions ['ignore', 'ignore_ament_install']
[3.865s] Level 1:colcon.colcon_core.package_identification:_identify(/home/robin/hka_projects/FE2_AGV_Manipulator/ROS-Packages/sew_maxo_mts_and_igus_rebel/src/irc_ros_msgs) by extension 'ignore'
[3.865s] Level 1:colcon.colcon_core.package_identification:_identify(/home/robin/hka_projects/FE2_AGV_Manipulator/ROS-Packages/sew_maxo_mts_and_igus_rebel/src/irc_ros_msgs) by extension 'ignore_ament_install'
[3.866s] Level 1:colcon.colcon_core.package_identification:_identify(/home/robin/hka_projects/FE2_AGV_Manipulator/ROS-Packages/sew_maxo_mts_and_igus_rebel/src/irc_ros_msgs) by extensions ['colcon_pkg']
[3.866s] Level 1:colcon.colcon_core.package_identification:_identify(/home/robin/hka_projects/FE2_AGV_Manipulator/ROS-Packages/sew_maxo_mts_and_igus_rebel/src/irc_ros_msgs) by extension 'colcon_pkg'
[3.866s] Level 1:colcon.colcon_core.package_identification:_identify(/home/robin/hka_projects/FE2_AGV_Manipulator/ROS-Packages/sew_maxo_mts_and_igus_rebel/src/irc_ros_msgs) by extensions ['colcon_meta']
[3.866s] Level 1:colcon.colcon_core.package_identification:_identify(/home/robin/hka_projects/FE2_AGV_Manipulator/ROS-Packages/sew_maxo_mts_and_igus_rebel/src/irc_ros_msgs) by extension 'colcon_meta'
[3.866s] Level 1:colcon.colcon_core.package_identification:_identify(/home/robin/hka_projects/FE2_AGV_Manipulator/ROS-Packages/sew_maxo_mts_and_igus_rebel/src/irc_ros_msgs) by extensions ['ros']
[3.866s] Level 1:colcon.colcon_core.package_identification:_identify(/home/robin/hka_projects/FE2_AGV_Manipulator/ROS-Packages/sew_maxo_mts_and_igus_rebel/src/irc_ros_msgs) by extension 'ros'
[3.868s] DEBUG:colcon.colcon_core.package_identification:Package '/home/robin/hka_projects/FE2_AGV_Manipulator/ROS-Packages/sew_maxo_mts_and_igus_rebel/src/irc_ros_msgs' with type 'ros.ament_cmake' and name 'irc_ros_msgs'
[3.868s] Level 1:colcon.colcon_core.package_identification:_identify(/home/robin/hka_projects/FE2_AGV_Manipulator/ROS-Packages/sew_maxo_mts_and_igus_rebel/src/sew_agv_application) by extensions ['ignore', 'ignore_ament_install']
[3.868s] Level 1:colcon.colcon_core.package_identification:_identify(/home/robin/hka_projects/FE2_AGV_Manipulator/ROS-Packages/sew_maxo_mts_and_igus_rebel/src/sew_agv_application) by extension 'ignore'
[3.868s] Level 1:colcon.colcon_core.package_identification:_identify(/home/robin/hka_projects/FE2_AGV_Manipulator/ROS-Packages/sew_maxo_mts_and_igus_rebel/src/sew_agv_application) by extension 'ignore_ament_install'
[3.868s] Level 1:colcon.colcon_core.package_identification:_identify(/home/robin/hka_projects/FE2_AGV_Manipulator/ROS-Packages/sew_maxo_mts_and_igus_rebel/src/sew_agv_application) by extensions ['colcon_pkg']
[3.868s] Level 1:colcon.colcon_core.package_identification:_identify(/home/robin/hka_projects/FE2_AGV_Manipulator/ROS-Packages/sew_maxo_mts_and_igus_rebel/src/sew_agv_application) by extension 'colcon_pkg'
[3.869s] Level 1:colcon.colcon_core.package_identification:_identify(/home/robin/hka_projects/FE2_AGV_Manipulator/ROS-Packages/sew_maxo_mts_and_igus_rebel/src/sew_agv_application) by extensions ['colcon_meta']
[3.869s] Level 1:colcon.colcon_core.package_identification:_identify(/home/robin/hka_projects/FE2_AGV_Manipulator/ROS-Packages/sew_maxo_mts_and_igus_rebel/src/sew_agv_application) by extension 'colcon_meta'
[3.869s] Level 1:colcon.colcon_core.package_identification:_identify(/home/robin/hka_projects/FE2_AGV_Manipulator/ROS-Packages/sew_maxo_mts_and_igus_rebel/src/sew_agv_application) by extensions ['ros']
[3.869s] Level 1:colcon.colcon_core.package_identification:_identify(/home/robin/hka_projects/FE2_AGV_Manipulator/ROS-Packages/sew_maxo_mts_and_igus_rebel/src/sew_agv_application) by extension 'ros'
[3.870s] DEBUG:colcon.colcon_core.package_identification:Package '/home/robin/hka_projects/FE2_AGV_Manipulator/ROS-Packages/sew_maxo_mts_and_igus_rebel/src/sew_agv_application' with type 'ros.ament_python' and name 'sew_agv_application'
[3.870s] Level 1:colcon.colcon_core.package_identification:_identify(/home/robin/hka_projects/FE2_AGV_Manipulator/ROS-Packages/sew_maxo_mts_and_igus_rebel/src/sew_agv_description) by extensions ['ignore', 'ignore_ament_install']
[3.871s] Level 1:colcon.colcon_core.package_identification:_identify(/home/robin/hka_projects/FE2_AGV_Manipulator/ROS-Packages/sew_maxo_mts_and_igus_rebel/src/sew_agv_description) by extension 'ignore'
[3.871s] Level 1:colcon.colcon_core.package_identification:_identify(/home/robin/hka_projects/FE2_AGV_Manipulator/ROS-Packages/sew_maxo_mts_and_igus_rebel/src/sew_agv_description) by extension 'ignore_ament_install'
[3.871s] Level 1:colcon.colcon_core.package_identification:_identify(/home/robin/hka_projects/FE2_AGV_Manipulator/ROS-Packages/sew_maxo_mts_and_igus_rebel/src/sew_agv_description) by extensions ['colcon_pkg']
[3.871s] Level 1:colcon.colcon_core.package_identification:_identify(/home/robin/hka_projects/FE2_AGV_Manipulator/ROS-Packages/sew_maxo_mts_and_igus_rebel/src/sew_agv_description) by extension 'colcon_pkg'
[3.871s] Level 1:colcon.colcon_core.package_identification:_identify(/home/robin/hka_projects/FE2_AGV_Manipulator/ROS-Packages/sew_maxo_mts_and_igus_rebel/src/sew_agv_description) by extensions ['colcon_meta']
[3.871s] Level 1:colcon.colcon_core.package_identification:_identify(/home/robin/hka_projects/FE2_AGV_Manipulator/ROS-Packages/sew_maxo_mts_and_igus_rebel/src/sew_agv_description) by extension 'colcon_meta'
[3.871s] Level 1:colcon.colcon_core.package_identification:_identify(/home/robin/hka_projects/FE2_AGV_Manipulator/ROS-Packages/sew_maxo_mts_and_igus_rebel/src/sew_agv_description) by extensions ['ros']
[3.871s] Level 1:colcon.colcon_core.package_identification:_identify(/home/robin/hka_projects/FE2_AGV_Manipulator/ROS-Packages/sew_maxo_mts_and_igus_rebel/src/sew_agv_description) by extension 'ros'
[3.873s] DEBUG:colcon.colcon_core.package_identification:Package '/home/robin/hka_projects/FE2_AGV_Manipulator/ROS-Packages/sew_maxo_mts_and_igus_rebel/src/sew_agv_description' with type 'ros.ament_cmake' and name 'sew_agv_description'
[3.873s] Level 1:colcon.colcon_core.package_identification:_identify(/home/robin/hka_projects/FE2_AGV_Manipulator/ROS-Packages/sew_maxo_mts_and_igus_rebel/src/sew_agv_navigation) by extensions ['ignore', 'ignore_ament_install']
[3.873s] Level 1:colcon.colcon_core.package_identification:_identify(/home/robin/hka_projects/FE2_AGV_Manipulator/ROS-Packages/sew_maxo_mts_and_igus_rebel/src/sew_agv_navigation) by extension 'ignore'
[3.873s] Level 1:colcon.colcon_core.package_identification:_identify(/home/robin/hka_projects/FE2_AGV_Manipulator/ROS-Packages/sew_maxo_mts_and_igus_rebel/src/sew_agv_navigation) by extension 'ignore_ament_install'
[3.874s] Level 1:colcon.colcon_core.package_identification:_identify(/home/robin/hka_projects/FE2_AGV_Manipulator/ROS-Packages/sew_maxo_mts_and_igus_rebel/src/sew_agv_navigation) by extensions ['colcon_pkg']
[3.874s] Level 1:colcon.colcon_core.package_identification:_identify(/home/robin/hka_projects/FE2_AGV_Manipulator/ROS-Packages/sew_maxo_mts_and_igus_rebel/src/sew_agv_navigation) by extension 'colcon_pkg'
[3.874s] Level 1:colcon.colcon_core.package_identification:_identify(/home/robin/hka_projects/FE2_AGV_Manipulator/ROS-Packages/sew_maxo_mts_and_igus_rebel/src/sew_agv_navigation) by extensions ['colcon_meta']
[3.874s] Level 1:colcon.colcon_core.package_identification:_identify(/home/robin/hka_projects/FE2_AGV_Manipulator/ROS-Packages/sew_maxo_mts_and_igus_rebel/src/sew_agv_navigation) by extension 'colcon_meta'
[3.874s] Level 1:colcon.colcon_core.package_identification:_identify(/home/robin/hka_projects/FE2_AGV_Manipulator/ROS-Packages/sew_maxo_mts_and_igus_rebel/src/sew_agv_navigation) by extensions ['ros']
[3.874s] Level 1:colcon.colcon_core.package_identification:_identify(/home/robin/hka_projects/FE2_AGV_Manipulator/ROS-Packages/sew_maxo_mts_and_igus_rebel/src/sew_agv_navigation) by extension 'ros'
[3.875s] DEBUG:colcon.colcon_core.package_identification:Package '/home/robin/hka_projects/FE2_AGV_Manipulator/ROS-Packages/sew_maxo_mts_and_igus_rebel/src/sew_agv_navigation' with type 'ros.ament_cmake' and name 'sew_agv_navigation'
[3.876s] Level 1:colcon.colcon_core.package_discovery:discover_packages(recursive) using defaults
