[1.746s] DEBUG:colcon:Command line arguments: ['/usr/bin/colcon', 'list', '-p', '--base-paths', '/home/robin/hka_projects/FE2_AGV_Manipulator/ROS-Packages/sew_maxo_mts_and_igus_rebel']
[1.746s] DEBUG:colcon:Parsed command line arguments: Namespace(log_base=None, log_level=None, verb_name='list', build_base='build', ignore_user_meta=False, metas=['./colcon.meta'], base_paths=['/home/robin/hka_projects/FE2_AGV_Manipulator/ROS-Packages/sew_maxo_mts_and_igus_rebel'], packages_ignore=None, packages_ignore_regex=None, paths=None, packages_up_to=None, packages_up_to_regex=None, packages_above=None, packages_above_and_dependencies=None, packages_above_depth=None, packages_select_by_dep=None, packages_skip_by_dep=None, packages_skip_up_to=None, packages_select_build_failed=False, packages_skip_build_finished=False, packages_select_test_failures=False, packages_skip_test_passed=False, packages_select=None, packages_skip=None, packages_select_regex=None, packages_skip_regex=None, packages_start=None, packages_end=None, allow_overriding=[], topological_order=False, names_only=False, paths_only=True, topological_graph=False, topological_graph_dot=False, topological_graph_density=False, topological_graph_legend=False, topological_graph_dot_cluster=False, topological_graph_dot_include_skipped=False, verb_parser=<colcon_defaults.argument_parser.defaults.DefaultArgumentsDecorator object at 0x7b449d41edd0>, verb_extension=<colcon_package_information.verb.list.ListVerb object at 0x7b449d5813c0>, main=<bound method ListVerb.main of <colcon_package_information.verb.list.ListVerb object at 0x7b449d5813c0>>)
[1.839s] Level 1:colcon.colcon_core.package_discovery:discover_packages(colcon_meta) check parameters
[1.839s] Level 1:colcon.colcon_core.package_discovery:discover_packages(recursive) check parameters
[1.839s] Level 1:colcon.colcon_core.package_discovery:discover_packages(ignore) check parameters
[1.839s] Level 1:colcon.colcon_core.package_discovery:discover_packages(path) check parameters
[1.839s] Level 1:colcon.colcon_core.package_discovery:discover_packages(recursive) discover
[1.839s] INFO:colcon.colcon_core.package_discovery:Crawling recursively for packages in '/home/robin/hka_projects/FE2_AGV_Manipulator/ROS-Packages/sew_maxo_mts_and_igus_rebel'
[1.840s] Level 1:colcon.colcon_core.package_identification:_identify(/home/robin/hka_projects/FE2_AGV_Manipulator/ROS-Packages/sew_maxo_mts_and_igus_rebel) by extensions ['ignore', 'ignore_ament_install']
[1.840s] Level 1:colcon.colcon_core.package_identification:_identify(/home/robin/hka_projects/FE2_AGV_Manipulator/ROS-Packages/sew_maxo_mts_and_igus_rebel) by extension 'ignore'
[1.840s] Level 1:colcon.colcon_core.package_identification:_identify(/home/robin/hka_projects/FE2_AGV_Manipulator/ROS-Packages/sew_maxo_mts_and_igus_rebel) by extension 'ignore_ament_install'
[1.840s] Level 1:colcon.colcon_core.package_identification:_identify(/home/robin/hka_projects/FE2_AGV_Manipulator/ROS-Packages/sew_maxo_mts_and_igus_rebel) by extensions ['colcon_pkg']
[1.840s] Level 1:colcon.colcon_core.package_identification:_identify(/home/robin/hka_projects/FE2_AGV_Manipulator/ROS-Packages/sew_maxo_mts_and_igus_rebel) by extension 'colcon_pkg'
[1.840s] Level 1:colcon.colcon_core.package_identification:_identify(/home/robin/hka_projects/FE2_AGV_Manipulator/ROS-Packages/sew_maxo_mts_and_igus_rebel) by extensions ['colcon_meta']
[1.840s] Level 1:colcon.colcon_core.package_identification:_identify(/home/robin/hka_projects/FE2_AGV_Manipulator/ROS-Packages/sew_maxo_mts_and_igus_rebel) by extension 'colcon_meta'
[1.840s] Level 1:colcon.colcon_core.package_identification:_identify(/home/robin/hka_projects/FE2_AGV_Manipulator/ROS-Packages/sew_maxo_mts_and_igus_rebel) by extensions ['ros']
[1.840s] Level 1:colcon.colcon_core.package_identification:_identify(/home/robin/hka_projects/FE2_AGV_Manipulator/ROS-Packages/sew_maxo_mts_and_igus_rebel) by extension 'ros'
[1.861s] Level 1:colcon.colcon_core.package_identification:_identify(/home/robin/hka_projects/FE2_AGV_Manipulator/ROS-Packages/sew_maxo_mts_and_igus_rebel) by extensions ['cmake', 'python']
[1.861s] Level 1:colcon.colcon_core.package_identification:_identify(/home/robin/hka_projects/FE2_AGV_Manipulator/ROS-Packages/sew_maxo_mts_and_igus_rebel) by extension 'cmake'
[1.861s] Level 1:colcon.colcon_core.package_identification:_identify(/home/robin/hka_projects/FE2_AGV_Manipulator/ROS-Packages/sew_maxo_mts_and_igus_rebel) by extension 'python'
[1.861s] Level 1:colcon.colcon_core.package_identification:_identify(/home/robin/hka_projects/FE2_AGV_Manipulator/ROS-Packages/sew_maxo_mts_and_igus_rebel) by extensions ['python_setup_py']
[1.861s] Level 1:colcon.colcon_core.package_identification:_identify(/home/robin/hka_projects/FE2_AGV_Manipulator/ROS-Packages/sew_maxo_mts_and_igus_rebel) by extension 'python_setup_py'
[1.862s] Level 1:colcon.colcon_core.package_identification:_identify(/home/robin/hka_projects/FE2_AGV_Manipulator/ROS-Packages/sew_maxo_mts_and_igus_rebel/log) by extensions ['ignore', 'ignore_ament_install']
[1.862s] Level 1:colcon.colcon_core.package_identification:_identify(/home/robin/hka_projects/FE2_AGV_Manipulator/ROS-Packages/sew_maxo_mts_and_igus_rebel/log) by extension 'ignore'
[1.862s] Level 1:colcon.colcon_core.package_identification:_identify(/home/robin/hka_projects/FE2_AGV_Manipulator/ROS-Packages/sew_maxo_mts_and_igus_rebel/log) ignored
[1.862s] Level 1:colcon.colcon_core.package_identification:_identify(/home/robin/hka_projects/FE2_AGV_Manipulator/ROS-Packages/sew_maxo_mts_and_igus_rebel/src) by extensions ['ignore', 'ignore_ament_install']
[1.862s] Level 1:colcon.colcon_core.package_identification:_identify(/home/robin/hka_projects/FE2_AGV_Manipulator/ROS-Packages/sew_maxo_mts_and_igus_rebel/src) by extension 'ignore'
[1.862s] Level 1:colcon.colcon_core.package_identification:_identify(/home/robin/hka_projects/FE2_AGV_Manipulator/ROS-Packages/sew_maxo_mts_and_igus_rebel/src) by extension 'ignore_ament_install'
[1.862s] Level 1:colcon.colcon_core.package_identification:_identify(/home/robin/hka_projects/FE2_AGV_Manipulator/ROS-Packages/sew_maxo_mts_and_igus_rebel/src) by extensions ['colcon_pkg']
[1.863s] Level 1:colcon.colcon_core.package_identification:_identify(/home/robin/hka_projects/FE2_AGV_Manipulator/ROS-Packages/sew_maxo_mts_and_igus_rebel/src) by extension 'colcon_pkg'
[1.863s] Level 1:colcon.colcon_core.package_identification:_identify(/home/robin/hka_projects/FE2_AGV_Manipulator/ROS-Packages/sew_maxo_mts_and_igus_rebel/src) by extensions ['colcon_meta']
[1.863s] Level 1:colcon.colcon_core.package_identification:_identify(/home/robin/hka_projects/FE2_AGV_Manipulator/ROS-Packages/sew_maxo_mts_and_igus_rebel/src) by extension 'colcon_meta'
[1.863s] Level 1:colcon.colcon_core.package_identification:_identify(/home/robin/hka_projects/FE2_AGV_Manipulator/ROS-Packages/sew_maxo_mts_and_igus_rebel/src) by extensions ['ros']
[1.863s] Level 1:colcon.colcon_core.package_identification:_identify(/home/robin/hka_projects/FE2_AGV_Manipulator/ROS-Packages/sew_maxo_mts_and_igus_rebel/src) by extension 'ros'
[1.863s] Level 1:colcon.colcon_core.package_identification:_identify(/home/robin/hka_projects/FE2_AGV_Manipulator/ROS-Packages/sew_maxo_mts_and_igus_rebel/src) by extensions ['cmake', 'python']
[1.863s] Level 1:colcon.colcon_core.package_identification:_identify(/home/robin/hka_projects/FE2_AGV_Manipulator/ROS-Packages/sew_maxo_mts_and_igus_rebel/src) by extension 'cmake'
[1.863s] Level 1:colcon.colcon_core.package_identification:_identify(/home/robin/hka_projects/FE2_AGV_Manipulator/ROS-Packages/sew_maxo_mts_and_igus_rebel/src) by extension 'python'
[1.863s] Level 1:colcon.colcon_core.package_identification:_identify(/home/robin/hka_projects/FE2_AGV_Manipulator/ROS-Packages/sew_maxo_mts_and_igus_rebel/src) by extensions ['python_setup_py']
[1.863s] Level 1:colcon.colcon_core.package_identification:_identify(/home/robin/hka_projects/FE2_AGV_Manipulator/ROS-Packages/sew_maxo_mts_and_igus_rebel/src) by extension 'python_setup_py'
[1.864s] Level 1:colcon.colcon_core.package_identification:_identify(/home/robin/hka_projects/FE2_AGV_Manipulator/ROS-Packages/sew_maxo_mts_and_igus_rebel/src/complete_bringup) by extensions ['ignore', 'ignore_ament_install']
[1.864s] Level 1:colcon.colcon_core.package_identification:_identify(/home/robin/hka_projects/FE2_AGV_Manipulator/ROS-Packages/sew_maxo_mts_and_igus_rebel/src/complete_bringup) by extension 'ignore'
[1.864s] Level 1:colcon.colcon_core.package_identification:_identify(/home/robin/hka_projects/FE2_AGV_Manipulator/ROS-Packages/sew_maxo_mts_and_igus_rebel/src/complete_bringup) by extension 'ignore_ament_install'
[1.864s] Level 1:colcon.colcon_core.package_identification:_identify(/home/robin/hka_projects/FE2_AGV_Manipulator/ROS-Packages/sew_maxo_mts_and_igus_rebel/src/complete_bringup) by extensions ['colcon_pkg']
[1.864s] Level 1:colcon.colcon_core.package_identification:_identify(/home/robin/hka_projects/FE2_AGV_Manipulator/ROS-Packages/sew_maxo_mts_and_igus_rebel/src/complete_bringup) by extension 'colcon_pkg'
[1.864s] Level 1:colcon.colcon_core.package_identification:_identify(/home/robin/hka_projects/FE2_AGV_Manipulator/ROS-Packages/sew_maxo_mts_and_igus_rebel/src/complete_bringup) by extensions ['colcon_meta']
[1.864s] Level 1:colcon.colcon_core.package_identification:_identify(/home/robin/hka_projects/FE2_AGV_Manipulator/ROS-Packages/sew_maxo_mts_and_igus_rebel/src/complete_bringup) by extension 'colcon_meta'
[1.864s] Level 1:colcon.colcon_core.package_identification:_identify(/home/robin/hka_projects/FE2_AGV_Manipulator/ROS-Packages/sew_maxo_mts_and_igus_rebel/src/complete_bringup) by extensions ['ros']
[1.864s] Level 1:colcon.colcon_core.package_identification:_identify(/home/robin/hka_projects/FE2_AGV_Manipulator/ROS-Packages/sew_maxo_mts_and_igus_rebel/src/complete_bringup) by extension 'ros'
[1.869s] DEBUG:colcon.colcon_core.package_identification:Package '/home/robin/hka_projects/FE2_AGV_Manipulator/ROS-Packages/sew_maxo_mts_and_igus_rebel/src/complete_bringup' with type 'ros.ament_cmake' and name 'complete_bringup'
[1.869s] Level 1:colcon.colcon_core.package_identification:_identify(/home/robin/hka_projects/FE2_AGV_Manipulator/ROS-Packages/sew_maxo_mts_and_igus_rebel/src/gazebo_testenviroment) by extensions ['ignore', 'ignore_ament_install']
[1.869s] Level 1:colcon.colcon_core.package_identification:_identify(/home/robin/hka_projects/FE2_AGV_Manipulator/ROS-Packages/sew_maxo_mts_and_igus_rebel/src/gazebo_testenviroment) by extension 'ignore'
[1.869s] Level 1:colcon.colcon_core.package_identification:_identify(/home/robin/hka_projects/FE2_AGV_Manipulator/ROS-Packages/sew_maxo_mts_and_igus_rebel/src/gazebo_testenviroment) by extension 'ignore_ament_install'
[1.869s] Level 1:colcon.colcon_core.package_identification:_identify(/home/robin/hka_projects/FE2_AGV_Manipulator/ROS-Packages/sew_maxo_mts_and_igus_rebel/src/gazebo_testenviroment) by extensions ['colcon_pkg']
[1.869s] Level 1:colcon.colcon_core.package_identification:_identify(/home/robin/hka_projects/FE2_AGV_Manipulator/ROS-Packages/sew_maxo_mts_and_igus_rebel/src/gazebo_testenviroment) by extension 'colcon_pkg'
[1.870s] Level 1:colcon.colcon_core.package_identification:_identify(/home/robin/hka_projects/FE2_AGV_Manipulator/ROS-Packages/sew_maxo_mts_and_igus_rebel/src/gazebo_testenviroment) by extensions ['colcon_meta']
[1.870s] Level 1:colcon.colcon_core.package_identification:_identify(/home/robin/hka_projects/FE2_AGV_Manipulator/ROS-Packages/sew_maxo_mts_and_igus_rebel/src/gazebo_testenviroment) by extension 'colcon_meta'
[1.870s] Level 1:colcon.colcon_core.package_identification:_identify(/home/robin/hka_projects/FE2_AGV_Manipulator/ROS-Packages/sew_maxo_mts_and_igus_rebel/src/gazebo_testenviroment) by extensions ['ros']
[1.870s] Level 1:colcon.colcon_core.package_identification:_identify(/home/robin/hka_projects/FE2_AGV_Manipulator/ROS-Packages/sew_maxo_mts_and_igus_rebel/src/gazebo_testenviroment) by extension 'ros'
[1.871s] DEBUG:colcon.colcon_core.package_identification:Package '/home/robin/hka_projects/FE2_AGV_Manipulator/ROS-Packages/sew_maxo_mts_and_igus_rebel/src/gazebo_testenviroment' with type 'ros.ament_cmake' and name 'gazebo_testenviroment'
[1.872s] Level 1:colcon.colcon_core.package_identification:_identify(/home/robin/hka_projects/FE2_AGV_Manipulator/ROS-Packages/sew_maxo_mts_and_igus_rebel/src/irc_ros_bringup) by extensions ['ignore', 'ignore_ament_install']
[1.872s] Level 1:colcon.colcon_core.package_identification:_identify(/home/robin/hka_projects/FE2_AGV_Manipulator/ROS-Packages/sew_maxo_mts_and_igus_rebel/src/irc_ros_bringup) by extension 'ignore'
[1.872s] Level 1:colcon.colcon_core.package_identification:_identify(/home/robin/hka_projects/FE2_AGV_Manipulator/ROS-Packages/sew_maxo_mts_and_igus_rebel/src/irc_ros_bringup) by extension 'ignore_ament_install'
[1.872s] Level 1:colcon.colcon_core.package_identification:_identify(/home/robin/hka_projects/FE2_AGV_Manipulator/ROS-Packages/sew_maxo_mts_and_igus_rebel/src/irc_ros_bringup) by extensions ['colcon_pkg']
[1.872s] Level 1:colcon.colcon_core.package_identification:_identify(/home/robin/hka_projects/FE2_AGV_Manipulator/ROS-Packages/sew_maxo_mts_and_igus_rebel/src/irc_ros_bringup) by extension 'colcon_pkg'
[1.872s] Level 1:colcon.colcon_core.package_identification:_identify(/home/robin/hka_projects/FE2_AGV_Manipulator/ROS-Packages/sew_maxo_mts_and_igus_rebel/src/irc_ros_bringup) by extensions ['colcon_meta']
[1.872s] Level 1:colcon.colcon_core.package_identification:_identify(/home/robin/hka_projects/FE2_AGV_Manipulator/ROS-Packages/sew_maxo_mts_and_igus_rebel/src/irc_ros_bringup) by extension 'colcon_meta'
[1.873s] Level 1:colcon.colcon_core.package_identification:_identify(/home/robin/hka_projects/FE2_AGV_Manipulator/ROS-Packages/sew_maxo_mts_and_igus_rebel/src/irc_ros_bringup) by extensions ['ros']
[1.873s] Level 1:colcon.colcon_core.package_identification:_identify(/home/robin/hka_projects/FE2_AGV_Manipulator/ROS-Packages/sew_maxo_mts_and_igus_rebel/src/irc_ros_bringup) by extension 'ros'
[1.876s] DEBUG:colcon.colcon_core.package_identification:Package '/home/robin/hka_projects/FE2_AGV_Manipulator/ROS-Packages/sew_maxo_mts_and_igus_rebel/src/irc_ros_bringup' with type 'ros.ament_cmake' and name 'irc_ros_bringup'
[1.876s] Level 1:colcon.colcon_core.package_identification:_identify(/home/robin/hka_projects/FE2_AGV_Manipulator/ROS-Packages/sew_maxo_mts_and_igus_rebel/src/irc_ros_controllers) by extensions ['ignore', 'ignore_ament_install']
[1.877s] Level 1:colcon.colcon_core.package_identification:_identify(/home/robin/hka_projects/FE2_AGV_Manipulator/ROS-Packages/sew_maxo_mts_and_igus_rebel/src/irc_ros_controllers) by extension 'ignore'
[1.877s] Level 1:colcon.colcon_core.package_identification:_identify(/home/robin/hka_projects/FE2_AGV_Manipulator/ROS-Packages/sew_maxo_mts_and_igus_rebel/src/irc_ros_controllers) by extension 'ignore_ament_install'
[1.877s] Level 1:colcon.colcon_core.package_identification:_identify(/home/robin/hka_projects/FE2_AGV_Manipulator/ROS-Packages/sew_maxo_mts_and_igus_rebel/src/irc_ros_controllers) by extensions ['colcon_pkg']
[1.877s] Level 1:colcon.colcon_core.package_identification:_identify(/home/robin/hka_projects/FE2_AGV_Manipulator/ROS-Packages/sew_maxo_mts_and_igus_rebel/src/irc_ros_controllers) by extension 'colcon_pkg'
[1.877s] Level 1:colcon.colcon_core.package_identification:_identify(/home/robin/hka_projects/FE2_AGV_Manipulator/ROS-Packages/sew_maxo_mts_and_igus_rebel/src/irc_ros_controllers) by extensions ['colcon_meta']
[1.877s] Level 1:colcon.colcon_core.package_identification:_identify(/home/robin/hka_projects/FE2_AGV_Manipulator/ROS-Packages/sew_maxo_mts_and_igus_rebel/src/irc_ros_controllers) by extension 'colcon_meta'
[1.877s] Level 1:colcon.colcon_core.package_identification:_identify(/home/robin/hka_projects/FE2_AGV_Manipulator/ROS-Packages/sew_maxo_mts_and_igus_rebel/src/irc_ros_controllers) by extensions ['ros']
[1.877s] Level 1:colcon.colcon_core.package_identification:_identify(/home/robin/hka_projects/FE2_AGV_Manipulator/ROS-Packages/sew_maxo_mts_and_igus_rebel/src/irc_ros_controllers) by extension 'ros'
[1.880s] DEBUG:colcon.colcon_core.package_identification:Package '/home/robin/hka_projects/FE2_AGV_Manipulator/ROS-Packages/sew_maxo_mts_and_igus_rebel/src/irc_ros_controllers' with type 'ros.ament_cmake' and name 'irc_ros_controllers'
[1.880s] Level 1:colcon.colcon_core.package_identification:_identify(/home/robin/hka_projects/FE2_AGV_Manipulator/ROS-Packages/sew_maxo_mts_and_igus_rebel/src/irc_ros_dashboard) by extensions ['ignore', 'ignore_ament_install']
[1.880s] Level 1:colcon.colcon_core.package_identification:_identify(/home/robin/hka_projects/FE2_AGV_Manipulator/ROS-Packages/sew_maxo_mts_and_igus_rebel/src/irc_ros_dashboard) by extension 'ignore'
[1.881s] Level 1:colcon.colcon_core.package_identification:_identify(/home/robin/hka_projects/FE2_AGV_Manipulator/ROS-Packages/sew_maxo_mts_and_igus_rebel/src/irc_ros_dashboard) by extension 'ignore_ament_install'
[1.881s] Level 1:colcon.colcon_core.package_identification:_identify(/home/robin/hka_projects/FE2_AGV_Manipulator/ROS-Packages/sew_maxo_mts_and_igus_rebel/src/irc_ros_dashboard) by extensions ['colcon_pkg']
[1.881s] Level 1:colcon.colcon_core.package_identification:_identify(/home/robin/hka_projects/FE2_AGV_Manipulator/ROS-Packages/sew_maxo_mts_and_igus_rebel/src/irc_ros_dashboard) by extension 'colcon_pkg'
[1.881s] Level 1:colcon.colcon_core.package_identification:_identify(/home/robin/hka_projects/FE2_AGV_Manipulator/ROS-Packages/sew_maxo_mts_and_igus_rebel/src/irc_ros_dashboard) by extensions ['colcon_meta']
[1.881s] Level 1:colcon.colcon_core.package_identification:_identify(/home/robin/hka_projects/FE2_AGV_Manipulator/ROS-Packages/sew_maxo_mts_and_igus_rebel/src/irc_ros_dashboard) by extension 'colcon_meta'
[1.881s] Level 1:colcon.colcon_core.package_identification:_identify(/home/robin/hka_projects/FE2_AGV_Manipulator/ROS-Packages/sew_maxo_mts_and_igus_rebel/src/irc_ros_dashboard) by extensions ['ros']
[1.881s] Level 1:colcon.colcon_core.package_identification:_identify(/home/robin/hka_projects/FE2_AGV_Manipulator/ROS-Packages/sew_maxo_mts_and_igus_rebel/src/irc_ros_dashboard) by extension 'ros'
[1.883s] DEBUG:colcon.colcon_core.package_identification:Package '/home/robin/hka_projects/FE2_AGV_Manipulator/ROS-Packages/sew_maxo_mts_and_igus_rebel/src/irc_ros_dashboard' with type 'ros.ament_python' and name 'irc_ros_dashboard'
[1.883s] Level 1:colcon.colcon_core.package_identification:_identify(/home/robin/hka_projects/FE2_AGV_Manipulator/ROS-Packages/sew_maxo_mts_and_igus_rebel/src/irc_ros_hardware) by extensions ['ignore', 'ignore_ament_install']
[1.883s] Level 1:colcon.colcon_core.package_identification:_identify(/home/robin/hka_projects/FE2_AGV_Manipulator/ROS-Packages/sew_maxo_mts_and_igus_rebel/src/irc_ros_hardware) by extension 'ignore'
[1.883s] Level 1:colcon.colcon_core.package_identification:_identify(/home/robin/hka_projects/FE2_AGV_Manipulator/ROS-Packages/sew_maxo_mts_and_igus_rebel/src/irc_ros_hardware) by extension 'ignore_ament_install'
[1.883s] Level 1:colcon.colcon_core.package_identification:_identify(/home/robin/hka_projects/FE2_AGV_Manipulator/ROS-Packages/sew_maxo_mts_and_igus_rebel/src/irc_ros_hardware) by extensions ['colcon_pkg']
[1.884s] Level 1:colcon.colcon_core.package_identification:_identify(/home/robin/hka_projects/FE2_AGV_Manipulator/ROS-Packages/sew_maxo_mts_and_igus_rebel/src/irc_ros_hardware) by extension 'colcon_pkg'
[1.884s] Level 1:colcon.colcon_core.package_identification:_identify(/home/robin/hka_projects/FE2_AGV_Manipulator/ROS-Packages/sew_maxo_mts_and_igus_rebel/src/irc_ros_hardware) by extensions ['colcon_meta']
[1.884s] Level 1:colcon.colcon_core.package_identification:_identify(/home/robin/hka_projects/FE2_AGV_Manipulator/ROS-Packages/sew_maxo_mts_and_igus_rebel/src/irc_ros_hardware) by extension 'colcon_meta'
[1.884s] Level 1:colcon.colcon_core.package_identification:_identify(/home/robin/hka_projects/FE2_AGV_Manipulator/ROS-Packages/sew_maxo_mts_and_igus_rebel/src/irc_ros_hardware) by extensions ['ros']
[1.884s] Level 1:colcon.colcon_core.package_identification:_identify(/home/robin/hka_projects/FE2_AGV_Manipulator/ROS-Packages/sew_maxo_mts_and_igus_rebel/src/irc_ros_hardware) by extension 'ros'
[1.887s] DEBUG:colcon.colcon_core.package_identification:Package '/home/robin/hka_projects/FE2_AGV_Manipulator/ROS-Packages/sew_maxo_mts_and_igus_rebel/src/irc_ros_hardware' with type 'ros.ament_cmake' and name 'irc_ros_hardware'
[1.887s] Level 1:colcon.colcon_core.package_identification:_identify(/home/robin/hka_projects/FE2_AGV_Manipulator/ROS-Packages/sew_maxo_mts_and_igus_rebel/src/irc_ros_moveit_config) by extensions ['ignore', 'ignore_ament_install']
[1.888s] Level 1:colcon.colcon_core.package_identification:_identify(/home/robin/hka_projects/FE2_AGV_Manipulator/ROS-Packages/sew_maxo_mts_and_igus_rebel/src/irc_ros_moveit_config) by extension 'ignore'
[1.888s] Level 1:colcon.colcon_core.package_identification:_identify(/home/robin/hka_projects/FE2_AGV_Manipulator/ROS-Packages/sew_maxo_mts_and_igus_rebel/src/irc_ros_moveit_config) by extension 'ignore_ament_install'
[1.888s] Level 1:colcon.colcon_core.package_identification:_identify(/home/robin/hka_projects/FE2_AGV_Manipulator/ROS-Packages/sew_maxo_mts_and_igus_rebel/src/irc_ros_moveit_config) by extensions ['colcon_pkg']
[1.888s] Level 1:colcon.colcon_core.package_identification:_identify(/home/robin/hka_projects/FE2_AGV_Manipulator/ROS-Packages/sew_maxo_mts_and_igus_rebel/src/irc_ros_moveit_config) by extension 'colcon_pkg'
[1.888s] Level 1:colcon.colcon_core.package_identification:_identify(/home/robin/hka_projects/FE2_AGV_Manipulator/ROS-Packages/sew_maxo_mts_and_igus_rebel/src/irc_ros_moveit_config) by extensions ['colcon_meta']
[1.888s] Level 1:colcon.colcon_core.package_identification:_identify(/home/robin/hka_projects/FE2_AGV_Manipulator/ROS-Packages/sew_maxo_mts_and_igus_rebel/src/irc_ros_moveit_config) by extension 'colcon_meta'
[1.888s] Level 1:colcon.colcon_core.package_identification:_identify(/home/robin/hka_projects/FE2_AGV_Manipulator/ROS-Packages/sew_maxo_mts_and_igus_rebel/src/irc_ros_moveit_config) by extensions ['ros']
[1.889s] Level 1:colcon.colcon_core.package_identification:_identify(/home/robin/hka_projects/FE2_AGV_Manipulator/ROS-Packages/sew_maxo_mts_and_igus_rebel/src/irc_ros_moveit_config) by extension 'ros'
[1.890s] DEBUG:colcon.colcon_core.package_identification:Package '/home/robin/hka_projects/FE2_AGV_Manipulator/ROS-Packages/sew_maxo_mts_and_igus_rebel/src/irc_ros_moveit_config' with type 'ros.ament_cmake' and name 'irc_ros_moveit_config'
[1.891s] Level 1:colcon.colcon_core.package_identification:_identify(/home/robin/hka_projects/FE2_AGV_Manipulator/ROS-Packages/sew_maxo_mts_and_igus_rebel/src/irc_ros_msgs) by extensions ['ignore', 'ignore_ament_install']
[1.891s] Level 1:colcon.colcon_core.package_identification:_identify(/home/robin/hka_projects/FE2_AGV_Manipulator/ROS-Packages/sew_maxo_mts_and_igus_rebel/src/irc_ros_msgs) by extension 'ignore'
[1.891s] Level 1:colcon.colcon_core.package_identification:_identify(/home/robin/hka_projects/FE2_AGV_Manipulator/ROS-Packages/sew_maxo_mts_and_igus_rebel/src/irc_ros_msgs) by extension 'ignore_ament_install'
[1.891s] Level 1:colcon.colcon_core.package_identification:_identify(/home/robin/hka_projects/FE2_AGV_Manipulator/ROS-Packages/sew_maxo_mts_and_igus_rebel/src/irc_ros_msgs) by extensions ['colcon_pkg']
[1.892s] Level 1:colcon.colcon_core.package_identification:_identify(/home/robin/hka_projects/FE2_AGV_Manipulator/ROS-Packages/sew_maxo_mts_and_igus_rebel/src/irc_ros_msgs) by extension 'colcon_pkg'
[1.892s] Level 1:colcon.colcon_core.package_identification:_identify(/home/robin/hka_projects/FE2_AGV_Manipulator/ROS-Packages/sew_maxo_mts_and_igus_rebel/src/irc_ros_msgs) by extensions ['colcon_meta']
[1.892s] Level 1:colcon.colcon_core.package_identification:_identify(/home/robin/hka_projects/FE2_AGV_Manipulator/ROS-Packages/sew_maxo_mts_and_igus_rebel/src/irc_ros_msgs) by extension 'colcon_meta'
[1.892s] Level 1:colcon.colcon_core.package_identification:_identify(/home/robin/hka_projects/FE2_AGV_Manipulator/ROS-Packages/sew_maxo_mts_and_igus_rebel/src/irc_ros_msgs) by extensions ['ros']
[1.892s] Level 1:colcon.colcon_core.package_identification:_identify(/home/robin/hka_projects/FE2_AGV_Manipulator/ROS-Packages/sew_maxo_mts_and_igus_rebel/src/irc_ros_msgs) by extension 'ros'
[1.893s] DEBUG:colcon.colcon_core.package_identification:Package '/home/robin/hka_projects/FE2_AGV_Manipulator/ROS-Packages/sew_maxo_mts_and_igus_rebel/src/irc_ros_msgs' with type 'ros.ament_cmake' and name 'irc_ros_msgs'
[1.894s] Level 1:colcon.colcon_core.package_identification:_identify(/home/robin/hka_projects/FE2_AGV_Manipulator/ROS-Packages/sew_maxo_mts_and_igus_rebel/src/sew_agv_application) by extensions ['ignore', 'ignore_ament_install']
[1.894s] Level 1:colcon.colcon_core.package_identification:_identify(/home/robin/hka_projects/FE2_AGV_Manipulator/ROS-Packages/sew_maxo_mts_and_igus_rebel/src/sew_agv_application) by extension 'ignore'
[1.894s] Level 1:colcon.colcon_core.package_identification:_identify(/home/robin/hka_projects/FE2_AGV_Manipulator/ROS-Packages/sew_maxo_mts_and_igus_rebel/src/sew_agv_application) by extension 'ignore_ament_install'
[1.894s] Level 1:colcon.colcon_core.package_identification:_identify(/home/robin/hka_projects/FE2_AGV_Manipulator/ROS-Packages/sew_maxo_mts_and_igus_rebel/src/sew_agv_application) by extensions ['colcon_pkg']
[1.894s] Level 1:colcon.colcon_core.package_identification:_identify(/home/robin/hka_projects/FE2_AGV_Manipulator/ROS-Packages/sew_maxo_mts_and_igus_rebel/src/sew_agv_application) by extension 'colcon_pkg'
[1.895s] Level 1:colcon.colcon_core.package_identification:_identify(/home/robin/hka_projects/FE2_AGV_Manipulator/ROS-Packages/sew_maxo_mts_and_igus_rebel/src/sew_agv_application) by extensions ['colcon_meta']
[1.895s] Level 1:colcon.colcon_core.package_identification:_identify(/home/robin/hka_projects/FE2_AGV_Manipulator/ROS-Packages/sew_maxo_mts_and_igus_rebel/src/sew_agv_application) by extension 'colcon_meta'
[1.895s] Level 1:colcon.colcon_core.package_identification:_identify(/home/robin/hka_projects/FE2_AGV_Manipulator/ROS-Packages/sew_maxo_mts_and_igus_rebel/src/sew_agv_application) by extensions ['ros']
[1.895s] Level 1:colcon.colcon_core.package_identification:_identify(/home/robin/hka_projects/FE2_AGV_Manipulator/ROS-Packages/sew_maxo_mts_and_igus_rebel/src/sew_agv_application) by extension 'ros'
[1.896s] DEBUG:colcon.colcon_core.package_identification:Package '/home/robin/hka_projects/FE2_AGV_Manipulator/ROS-Packages/sew_maxo_mts_and_igus_rebel/src/sew_agv_application' with type 'ros.ament_python' and name 'sew_agv_application'
[1.897s] Level 1:colcon.colcon_core.package_identification:_identify(/home/robin/hka_projects/FE2_AGV_Manipulator/ROS-Packages/sew_maxo_mts_and_igus_rebel/src/sew_agv_description) by extensions ['ignore', 'ignore_ament_install']
[1.897s] Level 1:colcon.colcon_core.package_identification:_identify(/home/robin/hka_projects/FE2_AGV_Manipulator/ROS-Packages/sew_maxo_mts_and_igus_rebel/src/sew_agv_description) by extension 'ignore'
[1.897s] Level 1:colcon.colcon_core.package_identification:_identify(/home/robin/hka_projects/FE2_AGV_Manipulator/ROS-Packages/sew_maxo_mts_and_igus_rebel/src/sew_agv_description) by extension 'ignore_ament_install'
[1.897s] Level 1:colcon.colcon_core.package_identification:_identify(/home/robin/hka_projects/FE2_AGV_Manipulator/ROS-Packages/sew_maxo_mts_and_igus_rebel/src/sew_agv_description) by extensions ['colcon_pkg']
[1.897s] Level 1:colcon.colcon_core.package_identification:_identify(/home/robin/hka_projects/FE2_AGV_Manipulator/ROS-Packages/sew_maxo_mts_and_igus_rebel/src/sew_agv_description) by extension 'colcon_pkg'
[1.897s] Level 1:colcon.colcon_core.package_identification:_identify(/home/robin/hka_projects/FE2_AGV_Manipulator/ROS-Packages/sew_maxo_mts_and_igus_rebel/src/sew_agv_description) by extensions ['colcon_meta']
[1.897s] Level 1:colcon.colcon_core.package_identification:_identify(/home/robin/hka_projects/FE2_AGV_Manipulator/ROS-Packages/sew_maxo_mts_and_igus_rebel/src/sew_agv_description) by extension 'colcon_meta'
[1.898s] Level 1:colcon.colcon_core.package_identification:_identify(/home/robin/hka_projects/FE2_AGV_Manipulator/ROS-Packages/sew_maxo_mts_and_igus_rebel/src/sew_agv_description) by extensions ['ros']
[1.898s] Level 1:colcon.colcon_core.package_identification:_identify(/home/robin/hka_projects/FE2_AGV_Manipulator/ROS-Packages/sew_maxo_mts_and_igus_rebel/src/sew_agv_description) by extension 'ros'
[1.899s] DEBUG:colcon.colcon_core.package_identification:Package '/home/robin/hka_projects/FE2_AGV_Manipulator/ROS-Packages/sew_maxo_mts_and_igus_rebel/src/sew_agv_description' with type 'ros.ament_cmake' and name 'sew_agv_description'
[1.899s] Level 1:colcon.colcon_core.package_identification:_identify(/home/robin/hka_projects/FE2_AGV_Manipulator/ROS-Packages/sew_maxo_mts_and_igus_rebel/src/sew_agv_navigation) by extensions ['ignore', 'ignore_ament_install']
[1.899s] Level 1:colcon.colcon_core.package_identification:_identify(/home/robin/hka_projects/FE2_AGV_Manipulator/ROS-Packages/sew_maxo_mts_and_igus_rebel/src/sew_agv_navigation) by extension 'ignore'
[1.900s] Level 1:colcon.colcon_core.package_identification:_identify(/home/robin/hka_projects/FE2_AGV_Manipulator/ROS-Packages/sew_maxo_mts_and_igus_rebel/src/sew_agv_navigation) by extension 'ignore_ament_install'
[1.900s] Level 1:colcon.colcon_core.package_identification:_identify(/home/robin/hka_projects/FE2_AGV_Manipulator/ROS-Packages/sew_maxo_mts_and_igus_rebel/src/sew_agv_navigation) by extensions ['colcon_pkg']
[1.900s] Level 1:colcon.colcon_core.package_identification:_identify(/home/robin/hka_projects/FE2_AGV_Manipulator/ROS-Packages/sew_maxo_mts_and_igus_rebel/src/sew_agv_navigation) by extension 'colcon_pkg'
[1.900s] Level 1:colcon.colcon_core.package_identification:_identify(/home/robin/hka_projects/FE2_AGV_Manipulator/ROS-Packages/sew_maxo_mts_and_igus_rebel/src/sew_agv_navigation) by extensions ['colcon_meta']
[1.900s] Level 1:colcon.colcon_core.package_identification:_identify(/home/robin/hka_projects/FE2_AGV_Manipulator/ROS-Packages/sew_maxo_mts_and_igus_rebel/src/sew_agv_navigation) by extension 'colcon_meta'
[1.900s] Level 1:colcon.colcon_core.package_identification:_identify(/home/robin/hka_projects/FE2_AGV_Manipulator/ROS-Packages/sew_maxo_mts_and_igus_rebel/src/sew_agv_navigation) by extensions ['ros']
[1.900s] Level 1:colcon.colcon_core.package_identification:_identify(/home/robin/hka_projects/FE2_AGV_Manipulator/ROS-Packages/sew_maxo_mts_and_igus_rebel/src/sew_agv_navigation) by extension 'ros'
[1.901s] DEBUG:colcon.colcon_core.package_identification:Package '/home/robin/hka_projects/FE2_AGV_Manipulator/ROS-Packages/sew_maxo_mts_and_igus_rebel/src/sew_agv_navigation' with type 'ros.ament_cmake' and name 'sew_agv_navigation'
[1.902s] Level 1:colcon.colcon_core.package_identification:_identify(/home/robin/hka_projects/FE2_AGV_Manipulator/ROS-Packages/sew_maxo_mts_and_igus_rebel/src/sew_and_igus_description) by extensions ['ignore', 'ignore_ament_install']
[1.902s] Level 1:colcon.colcon_core.package_identification:_identify(/home/robin/hka_projects/FE2_AGV_Manipulator/ROS-Packages/sew_maxo_mts_and_igus_rebel/src/sew_and_igus_description) by extension 'ignore'
[1.902s] Level 1:colcon.colcon_core.package_identification:_identify(/home/robin/hka_projects/FE2_AGV_Manipulator/ROS-Packages/sew_maxo_mts_and_igus_rebel/src/sew_and_igus_description) by extension 'ignore_ament_install'
[1.902s] Level 1:colcon.colcon_core.package_identification:_identify(/home/robin/hka_projects/FE2_AGV_Manipulator/ROS-Packages/sew_maxo_mts_and_igus_rebel/src/sew_and_igus_description) by extensions ['colcon_pkg']
[1.902s] Level 1:colcon.colcon_core.package_identification:_identify(/home/robin/hka_projects/FE2_AGV_Manipulator/ROS-Packages/sew_maxo_mts_and_igus_rebel/src/sew_and_igus_description) by extension 'colcon_pkg'
[1.902s] Level 1:colcon.colcon_core.package_identification:_identify(/home/robin/hka_projects/FE2_AGV_Manipulator/ROS-Packages/sew_maxo_mts_and_igus_rebel/src/sew_and_igus_description) by extensions ['colcon_meta']
[1.902s] Level 1:colcon.colcon_core.package_identification:_identify(/home/robin/hka_projects/FE2_AGV_Manipulator/ROS-Packages/sew_maxo_mts_and_igus_rebel/src/sew_and_igus_description) by extension 'colcon_meta'
[1.903s] Level 1:colcon.colcon_core.package_identification:_identify(/home/robin/hka_projects/FE2_AGV_Manipulator/ROS-Packages/sew_maxo_mts_and_igus_rebel/src/sew_and_igus_description) by extensions ['ros']
[1.903s] Level 1:colcon.colcon_core.package_identification:_identify(/home/robin/hka_projects/FE2_AGV_Manipulator/ROS-Packages/sew_maxo_mts_and_igus_rebel/src/sew_and_igus_description) by extension 'ros'
[1.904s] DEBUG:colcon.colcon_core.package_identification:Package '/home/robin/hka_projects/FE2_AGV_Manipulator/ROS-Packages/sew_maxo_mts_and_igus_rebel/src/sew_and_igus_description' with type 'ros.ament_cmake' and name 'sew_and_igus_description'
[1.904s] Level 1:colcon.colcon_core.package_discovery:discover_packages(recursive) using defaults
